<?xml version="1.0" encoding="UTF-8"?>
<testsuite name="com.mindex.challenge.service.impl.ReportingStructureServiceImplTest" tests="1" skipped="0" failures="0" errors="0" timestamp="2020-11-06T20:04:44" hostname="LAPTOP-JFPETFS9" time="0.101">
  <properties/>
  <testcase name="testRead" classname="com.mindex.challenge.service.impl.ReportingStructureServiceImplTest" time="0.101"/>
  <system-out><![CDATA[2020-11-06 15:04:44.362  INFO 3284 --- [    Test worker] .b.t.c.SpringBootTestContextBootstrapper : Neither @ContextConfiguration nor @ContextHierarchy found for test class [com.mindex.challenge.service.impl.ReportingStructureServiceImplTest], using SpringBootContextLoader
2020-11-06 15:04:44.363  INFO 3284 --- [    Test worker] o.s.t.c.support.AbstractContextLoader    : Could not detect default resource locations for test class [com.mindex.challenge.service.impl.ReportingStructureServiceImplTest]: no resource found for suffixes {-context.xml, Context.groovy}.
2020-11-06 15:04:44.363  INFO 3284 --- [    Test worker] t.c.s.AnnotationConfigContextLoaderUtils : Could not detect default configuration classes for test class [com.mindex.challenge.service.impl.ReportingStructureServiceImplTest]: ReportingStructureServiceImplTest does not declare any static, non-private, non-final, nested classes annotated with @Configuration.
2020-11-06 15:04:44.366  INFO 3284 --- [    Test worker] .b.t.c.SpringBootTestContextBootstrapper : Found @SpringBootConfiguration com.mindex.challenge.ChallengeApplication for test class com.mindex.challenge.service.impl.ReportingStructureServiceImplTest
2020-11-06 15:04:44.369  INFO 3284 --- [    Test worker] .b.t.c.SpringBootTestContextBootstrapper : Loaded default TestExecutionListener class names from location [META-INF/spring.factories]: [org.springframework.boot.test.autoconfigure.restdocs.RestDocsTestExecutionListener, org.springframework.boot.test.autoconfigure.web.client.MockRestServiceServerResetTestExecutionListener, org.springframework.boot.test.autoconfigure.web.servlet.MockMvcPrintOnlyOnFailureTestExecutionListener, org.springframework.boot.test.autoconfigure.web.servlet.WebDriverTestExecutionListener, org.springframework.boot.test.mock.mockito.MockitoTestExecutionListener, org.springframework.boot.test.mock.mockito.ResetMocksTestExecutionListener, org.springframework.test.context.web.ServletTestExecutionListener, org.springframework.test.context.support.DirtiesContextBeforeModesTestExecutionListener, org.springframework.test.context.support.DependencyInjectionTestExecutionListener, org.springframework.test.context.support.DirtiesContextTestExecutionListener, org.springframework.test.context.transaction.TransactionalTestExecutionListener, org.springframework.test.context.jdbc.SqlScriptsTestExecutionListener, org.springframework.test.context.event.EventPublishingTestExecutionListener]
2020-11-06 15:04:44.369  INFO 3284 --- [    Test worker] .b.t.c.SpringBootTestContextBootstrapper : Using TestExecutionListeners: [org.springframework.test.context.web.ServletTestExecutionListener@6877f0d4, org.springframework.test.context.support.DirtiesContextBeforeModesTestExecutionListener@15bc87be, org.springframework.boot.test.mock.mockito.MockitoTestExecutionListener@6adbc579, org.springframework.boot.test.autoconfigure.SpringBootDependencyInjectionTestExecutionListener@cc26ceb, org.springframework.test.context.support.DirtiesContextTestExecutionListener@5b64dcf7, org.springframework.test.context.transaction.TransactionalTestExecutionListener@2a143152, org.springframework.test.context.jdbc.SqlScriptsTestExecutionListener@1ed0c964, org.springframework.test.context.event.EventPublishingTestExecutionListener@1ea5b61, org.springframework.boot.test.autoconfigure.restdocs.RestDocsTestExecutionListener@7c94accf, org.springframework.boot.test.autoconfigure.web.client.MockRestServiceServerResetTestExecutionListener@77819cae, org.springframework.boot.test.autoconfigure.web.servlet.MockMvcPrintOnlyOnFailureTestExecutionListener@6f82f0d3, org.springframework.boot.test.autoconfigure.web.servlet.WebDriverTestExecutionListener@3c609f11, org.springframework.boot.test.mock.mockito.ResetMocksTestExecutionListener@654bae86]
2020-11-06 15:04:44.401 DEBUG 3284 --- [o-auto-1-exec-6] c.m.c.c.ReportingStructureController     : Received employee create request for id [16a596ae-edd3-4847-99fe-c4518e82c86f]
2020-11-06 15:04:44.402 DEBUG 3284 --- [o-auto-1-exec-6] c.m.c.s.i.ReportingStructureServiceImpl  : Creating reportingStructure with id [16a596ae-edd3-4847-99fe-c4518e82c86f]
creating reporting structure with id [{}]2020-11-06 15:04:44.407 DEBUG 3284 --- [o-auto-1-exec-6] c.m.c.s.i.ReportingStructureServiceImpl  : Calculating Number of Reports for [John]
2020-11-06 15:04:44.407 DEBUG 3284 --- [o-auto-1-exec-6] c.m.c.s.i.ReportingStructureServiceImpl  : [John] has [2] direct reports
2020-11-06 15:04:44.410 DEBUG 3284 --- [o-auto-1-exec-6] c.m.c.s.i.ReportingStructureServiceImpl  : Calculating Number of Reports for [Paul]
2020-11-06 15:04:44.419 DEBUG 3284 --- [o-auto-1-exec-6] c.m.c.s.i.ReportingStructureServiceImpl  : Calculating Number of Reports for [Ringo]
2020-11-06 15:04:44.419 DEBUG 3284 --- [o-auto-1-exec-6] c.m.c.s.i.ReportingStructureServiceImpl  : [Ringo] has [2] direct reports
2020-11-06 15:04:44.422 DEBUG 3284 --- [o-auto-1-exec-6] c.m.c.s.i.ReportingStructureServiceImpl  : Calculating Number of Reports for [Pete]
2020-11-06 15:04:44.424 DEBUG 3284 --- [o-auto-1-exec-6] c.m.c.s.i.ReportingStructureServiceImpl  : Calculating Number of Reports for [George]
2020-11-06 15:04:44.440 DEBUG 3284 --- [o-auto-1-exec-7] c.m.c.c.ReportingStructureController     : Received employee create request for id [b7839309-3348-463b-a7e3-5de1c168beb3]
2020-11-06 15:04:44.442 DEBUG 3284 --- [o-auto-1-exec-7] c.m.c.s.i.ReportingStructureServiceImpl  : Creating reportingStructure with id [b7839309-3348-463b-a7e3-5de1c168beb3]
creating reporting structure with id [{}]2020-11-06 15:04:44.446 DEBUG 3284 --- [o-auto-1-exec-7] c.m.c.s.i.ReportingStructureServiceImpl  : Calculating Number of Reports for [Paul]
2020-11-06 15:04:44.458 DEBUG 3284 --- [o-auto-1-exec-8] c.m.c.c.ReportingStructureController     : Received employee create request for id [03aa1462-ffa9-4978-901b-7c001562cf6f]
2020-11-06 15:04:44.459 DEBUG 3284 --- [o-auto-1-exec-8] c.m.c.s.i.ReportingStructureServiceImpl  : Creating reportingStructure with id [03aa1462-ffa9-4978-901b-7c001562cf6f]
creating reporting structure with id [{}]2020-11-06 15:04:44.463 DEBUG 3284 --- [o-auto-1-exec-8] c.m.c.s.i.ReportingStructureServiceImpl  : Calculating Number of Reports for [Ringo]
2020-11-06 15:04:44.463 DEBUG 3284 --- [o-auto-1-exec-8] c.m.c.s.i.ReportingStructureServiceImpl  : [Ringo] has [2] direct reports
2020-11-06 15:04:44.466 DEBUG 3284 --- [o-auto-1-exec-8] c.m.c.s.i.ReportingStructureServiceImpl  : Calculating Number of Reports for [Pete]
2020-11-06 15:04:44.469 DEBUG 3284 --- [o-auto-1-exec-8] c.m.c.s.i.ReportingStructureServiceImpl  : Calculating Number of Reports for [George]
]]></system-out>
  <system-err><![CDATA[]]></system-err>
</testsuite>
