<?xml version="1.0" encoding="UTF-8"?>
<testsuite name="com.mindex.challenge.service.impl.CompensationServiceImplTest" tests="1" skipped="0" failures="0" errors="0" timestamp="2020-11-06T20:04:43" hostname="LAPTOP-JFPETFS9" time="0.415">
  <properties/>
  <testcase name="testCreateReadUpdate" classname="com.mindex.challenge.service.impl.CompensationServiceImplTest" time="0.415"/>
  <system-out><![CDATA[2020-11-06 15:04:41.618  INFO 3284 --- [    Test worker] .b.t.c.SpringBootTestContextBootstrapper : Neither @ContextConfiguration nor @ContextHierarchy found for test class [com.mindex.challenge.service.impl.CompensationServiceImplTest], using SpringBootContextLoader
2020-11-06 15:04:41.620  INFO 3284 --- [    Test worker] o.s.t.c.support.AbstractContextLoader    : Could not detect default resource locations for test class [com.mindex.challenge.service.impl.CompensationServiceImplTest]: no resource found for suffixes {-context.xml, Context.groovy}.
2020-11-06 15:04:41.620  INFO 3284 --- [    Test worker] t.c.s.AnnotationConfigContextLoaderUtils : Could not detect default configuration classes for test class [com.mindex.challenge.service.impl.CompensationServiceImplTest]: CompensationServiceImplTest does not declare any static, non-private, non-final, nested classes annotated with @Configuration.
2020-11-06 15:04:41.644  INFO 3284 --- [    Test worker] .b.t.c.SpringBootTestContextBootstrapper : Found @SpringBootConfiguration com.mindex.challenge.ChallengeApplication for test class com.mindex.challenge.service.impl.CompensationServiceImplTest
2020-11-06 15:04:41.647  INFO 3284 --- [    Test worker] .b.t.c.SpringBootTestContextBootstrapper : Loaded default TestExecutionListener class names from location [META-INF/spring.factories]: [org.springframework.boot.test.autoconfigure.restdocs.RestDocsTestExecutionListener, org.springframework.boot.test.autoconfigure.web.client.MockRestServiceServerResetTestExecutionListener, org.springframework.boot.test.autoconfigure.web.servlet.MockMvcPrintOnlyOnFailureTestExecutionListener, org.springframework.boot.test.autoconfigure.web.servlet.WebDriverTestExecutionListener, org.springframework.boot.test.mock.mockito.MockitoTestExecutionListener, org.springframework.boot.test.mock.mockito.ResetMocksTestExecutionListener, org.springframework.test.context.web.ServletTestExecutionListener, org.springframework.test.context.support.DirtiesContextBeforeModesTestExecutionListener, org.springframework.test.context.support.DependencyInjectionTestExecutionListener, org.springframework.test.context.support.DirtiesContextTestExecutionListener, org.springframework.test.context.transaction.TransactionalTestExecutionListener, org.springframework.test.context.jdbc.SqlScriptsTestExecutionListener, org.springframework.test.context.event.EventPublishingTestExecutionListener]
2020-11-06 15:04:41.670  INFO 3284 --- [    Test worker] .b.t.c.SpringBootTestContextBootstrapper : Using TestExecutionListeners: [org.springframework.test.context.web.ServletTestExecutionListener@163ba75c, org.springframework.test.context.support.DirtiesContextBeforeModesTestExecutionListener@10f8dee2, org.springframework.boot.test.mock.mockito.MockitoTestExecutionListener@35b785f6, org.springframework.boot.test.autoconfigure.SpringBootDependencyInjectionTestExecutionListener@799857b2, org.springframework.test.context.support.DirtiesContextTestExecutionListener@32521e9a, org.springframework.test.context.transaction.TransactionalTestExecutionListener@648bc9fc, org.springframework.test.context.jdbc.SqlScriptsTestExecutionListener@6d1a68ae, org.springframework.test.context.event.EventPublishingTestExecutionListener@56848778, org.springframework.boot.test.autoconfigure.restdocs.RestDocsTestExecutionListener@7400f5fc, org.springframework.boot.test.autoconfigure.web.client.MockRestServiceServerResetTestExecutionListener@4efe06a9, org.springframework.boot.test.autoconfigure.web.servlet.MockMvcPrintOnlyOnFailureTestExecutionListener@701f58c0, org.springframework.boot.test.autoconfigure.web.servlet.WebDriverTestExecutionListener@252aefc, org.springframework.boot.test.mock.mockito.ResetMocksTestExecutionListener@710e045f]

  .   ____          _            __ _ _
 /\\ / ___'_ __ _ _(_)_ __  __ _ \ \ \ \
( ( )\___ | '_ | '_| | '_ \/ _` | \ \ \ \
 \\/  ___)| |_)| | | | | || (_| |  ) ) ) )
  '  |____| .__|_| |_|_| |_\__, | / / / /
 =========|_|==============|___/=/_/_/_/
 :: Spring Boot ::        (v2.2.0.RELEASE)

2020-11-06 15:04:41.765  INFO 3284 --- [    Test worker] c.m.c.s.i.CompensationServiceImplTest    : Starting CompensationServiceImplTest on LAPTOP-JFPETFS9 with PID 3284 (started by alexs in C:\Users\alexs\Desktop\mindex-java-code-challenge\mindex-java-code-challenge)
2020-11-06 15:04:41.766 DEBUG 3284 --- [    Test worker] c.m.c.s.i.CompensationServiceImplTest    : Running with Spring Boot v2.2.0.RELEASE, Spring v5.2.0.RELEASE
2020-11-06 15:04:41.766  INFO 3284 --- [    Test worker] c.m.c.s.i.CompensationServiceImplTest    : No active profile set, falling back to default profiles: default
2020-11-06 15:04:42.033  INFO 3284 --- [    Test worker] .s.d.r.c.RepositoryConfigurationDelegate : Bootstrapping Spring Data repositories in DEFAULT mode.
2020-11-06 15:04:42.046  INFO 3284 --- [    Test worker] .s.d.r.c.RepositoryConfigurationDelegate : Finished Spring Data repository scanning in 12ms. Found 2 repository interfaces.
2020-11-06 15:04:42.582  INFO 3284 --- [    Test worker] o.s.b.w.embedded.tomcat.TomcatWebServer  : Tomcat initialized with port(s): 0 (http)
2020-11-06 15:04:42.599  INFO 3284 --- [    Test worker] o.apache.catalina.core.StandardService   : Starting service [Tomcat]
2020-11-06 15:04:42.599  INFO 3284 --- [    Test worker] org.apache.catalina.core.StandardEngine  : Starting Servlet engine: [Apache Tomcat/9.0.27]
2020-11-06 15:04:42.763  INFO 3284 --- [    Test worker] o.a.c.c.C.[Tomcat].[localhost].[/]       : Initializing Spring embedded WebApplicationContext
2020-11-06 15:04:42.765  INFO 3284 --- [    Test worker] o.s.web.context.ContextLoader            : Root WebApplicationContext: initialization completed in 992 ms
2020-11-06 15:04:42.996  INFO 3284 --- [    Test worker] de.bwaldvogel.mongo.MongoServer          : started MongoServer(port: 57625, ssl: false)
2020-11-06 15:04:43.001  INFO 3284 --- [    Test worker] org.mongodb.driver.cluster               : Cluster created with settings {hosts=[127.0.0.1:57625], mode=SINGLE, requiredClusterType=UNKNOWN, serverSelectionTimeout='30000 ms', maxWaitQueueSize=500}
2020-11-06 15:04:43.011  INFO 3284 --- [-server-worker1] d.b.mongo.wire.MongoWireProtocolHandler  : client [id: 0xad797260, L:/127.0.0.1:57625 - R:/127.0.0.1:57626] connected
2020-11-06 15:04:43.019  INFO 3284 --- [127.0.0.1:57625] org.mongodb.driver.connection            : Opened connection [connectionId{localValue:3}] to 127.0.0.1:57625
2020-11-06 15:04:43.022  INFO 3284 --- [127.0.0.1:57625] org.mongodb.driver.cluster               : Monitor thread successfully connected to server with description ServerDescription{address=127.0.0.1:57625, type=STANDALONE, state=CONNECTED, ok=true, version=ServerVersion{versionList=[3, 0, 0]}, minWireVersion=0, maxWireVersion=2, maxDocumentSize=16777216, logicalSessionTimeoutMinutes=null, roundTripTimeNanos=2002200}
2020-11-06 15:04:43.027  WARN 3284 --- [    Test worker] o.s.data.convert.CustomConversions       : Registering converter from class java.time.LocalDateTime to class java.time.Instant as reading converter although it doesn't convert from a store-supported type! You might wanna check you annotation setup at the converter implementation.
2020-11-06 15:04:43.028  WARN 3284 --- [    Test worker] o.s.data.convert.CustomConversions       : Registering converter from class java.time.Instant to class java.time.LocalDateTime as reading converter although it doesn't convert from a store-supported type! You might wanna check you annotation setup at the converter implementation.
2020-11-06 15:04:43.030  WARN 3284 --- [    Test worker] o.s.data.convert.CustomConversions       : Registering converter from class java.time.LocalDateTime to class java.time.Instant as reading converter although it doesn't convert from a store-supported type! You might wanna check you annotation setup at the converter implementation.
2020-11-06 15:04:43.030  WARN 3284 --- [    Test worker] o.s.data.convert.CustomConversions       : Registering converter from class java.time.Instant to class java.time.LocalDateTime as reading converter although it doesn't convert from a store-supported type! You might wanna check you annotation setup at the converter implementation.
2020-11-06 15:04:43.149  INFO 3284 --- [-server-worker2] d.b.mongo.wire.MongoWireProtocolHandler  : client [id: 0x58cf5b8f, L:/127.0.0.1:57625 - R:/127.0.0.1:57627] connected
2020-11-06 15:04:43.154  INFO 3284 --- [    Test worker] org.mongodb.driver.connection            : Opened connection [connectionId{localValue:4}] to 127.0.0.1:57625
2020-11-06 15:04:43.156  INFO 3284 --- [-server-worker2] d.b.mongo.backend.AbstractMongoBackend   : created database test
2020-11-06 15:04:43.156  INFO 3284 --- [-server-worker2] d.b.mongo.backend.AbstractMongoDatabase  : adding unique _id index for collection employee
2020-11-06 15:04:43.156  INFO 3284 --- [-server-worker2] d.b.mongo.backend.AbstractMongoDatabase  : created collection test.employee
2020-11-06 15:04:43.475  INFO 3284 --- [    Test worker] o.s.s.concurrent.ThreadPoolTaskExecutor  : Initializing ExecutorService 'applicationTaskExecutor'
2020-11-06 15:04:43.692  WARN 3284 --- [    Test worker] o.s.data.convert.CustomConversions       : Registering converter from class java.time.LocalDateTime to class java.time.Instant as reading converter although it doesn't convert from a store-supported type! You might wanna check you annotation setup at the converter implementation.
2020-11-06 15:04:43.693  WARN 3284 --- [    Test worker] o.s.data.convert.CustomConversions       : Registering converter from class java.time.Instant to class java.time.LocalDateTime as reading converter although it doesn't convert from a store-supported type! You might wanna check you annotation setup at the converter implementation.
2020-11-06 15:04:43.723  WARN 3284 --- [    Test worker] o.s.data.convert.CustomConversions       : Registering converter from class java.time.LocalDateTime to class java.time.Instant as reading converter although it doesn't convert from a store-supported type! You might wanna check you annotation setup at the converter implementation.
2020-11-06 15:04:43.723  WARN 3284 --- [    Test worker] o.s.data.convert.CustomConversions       : Registering converter from class java.time.Instant to class java.time.LocalDateTime as reading converter although it doesn't convert from a store-supported type! You might wanna check you annotation setup at the converter implementation.
2020-11-06 15:04:43.862  INFO 3284 --- [    Test worker] o.s.b.w.embedded.tomcat.TomcatWebServer  : Tomcat started on port(s): 57628 (http) with context path ''
2020-11-06 15:04:43.863  INFO 3284 --- [    Test worker] c.m.c.s.i.CompensationServiceImplTest    : Started CompensationServiceImplTest in 2.189 seconds (JVM running for 12.487)
2020-11-06 15:04:44.089  INFO 3284 --- [o-auto-1-exec-1] o.a.c.c.C.[Tomcat].[localhost].[/]       : Initializing Spring DispatcherServlet 'dispatcherServlet'
2020-11-06 15:04:44.089  INFO 3284 --- [o-auto-1-exec-1] o.s.web.servlet.DispatcherServlet        : Initializing Servlet 'dispatcherServlet'
2020-11-06 15:04:44.125  INFO 3284 --- [o-auto-1-exec-1] o.s.web.servlet.DispatcherServlet        : Completed initialization in 36 ms
2020-11-06 15:04:44.214 DEBUG 3284 --- [o-auto-1-exec-1] c.m.c.controller.CompensationController  : Received compensation create request for [com.mindex.challenge.data.Compensation@25d9d207]
2020-11-06 15:04:44.214 DEBUG 3284 --- [o-auto-1-exec-1] c.m.c.s.impl.CompensationServiceImpl     : Creating compensation [com.mindex.challenge.data.Compensation@25d9d207]
2020-11-06 15:04:44.230  INFO 3284 --- [-server-worker2] d.b.mongo.backend.AbstractMongoDatabase  : adding unique _id index for collection compensation
2020-11-06 15:04:44.230  INFO 3284 --- [-server-worker2] d.b.mongo.backend.AbstractMongoDatabase  : created collection test.compensation
2020-11-06 15:04:44.267 DEBUG 3284 --- [o-auto-1-exec-2] c.m.c.controller.CompensationController  : Received compensation read request for id [16a596ae-edd3-4847-99fe-c4518e82c86f]
2020-11-06 15:04:44.267 DEBUG 3284 --- [o-auto-1-exec-2] c.m.c.s.impl.CompensationServiceImpl     : Creating compensation with id [16a596ae-edd3-4847-99fe-c4518e82c86f]
]]></system-out>
  <system-err><![CDATA[]]></system-err>
</testsuite>
