<?xml version="1.0" encoding="UTF-8"?>
<testsuite name="com.mindex.challenge.DataBootstrapTest" tests="1" skipped="0" failures="0" errors="0" timestamp="2020-11-06T20:04:41" hostname="LAPTOP-JFPETFS9" time="0.081">
  <properties/>
  <testcase name="test" classname="com.mindex.challenge.DataBootstrapTest" time="0.081"/>
  <system-out><![CDATA[2020-11-06 15:04:41.511  INFO 3284 --- [    Test worker] .b.t.c.SpringBootTestContextBootstrapper : Neither @ContextConfiguration nor @ContextHierarchy found for test class [com.mindex.challenge.DataBootstrapTest], using SpringBootContextLoader
2020-11-06 15:04:41.512  INFO 3284 --- [    Test worker] o.s.t.c.support.AbstractContextLoader    : Could not detect default resource locations for test class [com.mindex.challenge.DataBootstrapTest]: no resource found for suffixes {-context.xml, Context.groovy}.
2020-11-06 15:04:41.513  INFO 3284 --- [    Test worker] t.c.s.AnnotationConfigContextLoaderUtils : Could not detect default configuration classes for test class [com.mindex.challenge.DataBootstrapTest]: DataBootstrapTest does not declare any static, non-private, non-final, nested classes annotated with @Configuration.
2020-11-06 15:04:41.516  INFO 3284 --- [    Test worker] .b.t.c.SpringBootTestContextBootstrapper : Found @SpringBootConfiguration com.mindex.challenge.ChallengeApplication for test class com.mindex.challenge.DataBootstrapTest
2020-11-06 15:04:41.520  INFO 3284 --- [    Test worker] .b.t.c.SpringBootTestContextBootstrapper : Loaded default TestExecutionListener class names from location [META-INF/spring.factories]: [org.springframework.boot.test.autoconfigure.restdocs.RestDocsTestExecutionListener, org.springframework.boot.test.autoconfigure.web.client.MockRestServiceServerResetTestExecutionListener, org.springframework.boot.test.autoconfigure.web.servlet.MockMvcPrintOnlyOnFailureTestExecutionListener, org.springframework.boot.test.autoconfigure.web.servlet.WebDriverTestExecutionListener, org.springframework.boot.test.mock.mockito.MockitoTestExecutionListener, org.springframework.boot.test.mock.mockito.ResetMocksTestExecutionListener, org.springframework.test.context.web.ServletTestExecutionListener, org.springframework.test.context.support.DirtiesContextBeforeModesTestExecutionListener, org.springframework.test.context.support.DependencyInjectionTestExecutionListener, org.springframework.test.context.support.DirtiesContextTestExecutionListener, org.springframework.test.context.transaction.TransactionalTestExecutionListener, org.springframework.test.context.jdbc.SqlScriptsTestExecutionListener, org.springframework.test.context.event.EventPublishingTestExecutionListener]
2020-11-06 15:04:41.522  INFO 3284 --- [    Test worker] .b.t.c.SpringBootTestContextBootstrapper : Using TestExecutionListeners: [org.springframework.test.context.web.ServletTestExecutionListener@5e9f5e09, org.springframework.test.context.support.DirtiesContextBeforeModesTestExecutionListener@6833db09, org.springframework.boot.test.mock.mockito.MockitoTestExecutionListener@3c193838, org.springframework.boot.test.autoconfigure.SpringBootDependencyInjectionTestExecutionListener@4be738aa, org.springframework.test.context.support.DirtiesContextTestExecutionListener@6f2c48c9, org.springframework.test.context.transaction.TransactionalTestExecutionListener@19312db6, org.springframework.test.context.jdbc.SqlScriptsTestExecutionListener@6c9c0e50, org.springframework.test.context.event.EventPublishingTestExecutionListener@1ecc4901, org.springframework.boot.test.autoconfigure.restdocs.RestDocsTestExecutionListener@132b2011, org.springframework.boot.test.autoconfigure.web.client.MockRestServiceServerResetTestExecutionListener@3e7f35f, org.springframework.boot.test.autoconfigure.web.servlet.MockMvcPrintOnlyOnFailureTestExecutionListener@f8593fd, org.springframework.boot.test.autoconfigure.web.servlet.WebDriverTestExecutionListener@737d474d, org.springframework.boot.test.mock.mockito.ResetMocksTestExecutionListener@399cda9b]
]]></system-out>
  <system-err><![CDATA[]]></system-err>
</testsuite>
